[13:33:25] [main/INFO]: Setting user: Player50
[13:33:32] [main/WARN]: Skipping bad option: lastServer:
[13:33:32] [main/INFO]: LWJGL Version: 2.9.4
[13:33:38] [main/INFO]: Reloading ResourceManager: Default, FMLFileResourcePack:Forge Mod Loader, FMLFileResourcePack:Minecraft Forge, FMLFileResourcePack:Schemes, FMLFileResourcePack:LunatriusCore
[13:33:44] [Sound Library Loader/INFO]: Starting up SoundSystem...
[13:33:44] [Thread-5/INFO]: Initializing LWJGL OpenAL
[13:33:44] [Thread-5/INFO]: (The LWJGL binding of OpenAL.  For more information, see http://www.lwjgl.org)
[13:33:45] [Thread-5/INFO]: OpenAL initialized.
[13:33:45] [Sound Library Loader/INFO]: Sound engine started
[13:33:54] [main/INFO]: Created: 512x512 textures-atlas
[13:33:58] [main/WARN]: Skipping bad option: lastServer:
[13:33:58] [main/INFO]: Narrator library for x64 successfully loaded
[13:34:06] [Server thread/INFO]: Starting integrated minecraft server version 1.12.2
[13:34:06] [Server thread/INFO]: Generating keypair
[13:34:07] [Server thread/INFO]: Loaded 488 advancements
[13:34:07] [Server thread/INFO]: Preparing start region for level 0
[13:34:08] [Server thread/INFO]: Preparing spawn area: 0%
[13:34:09] [Server thread/INFO]: Preparing spawn area: 85%
[13:34:10] [Server thread/INFO]: Preparing spawn area: 91%
[13:34:11] [Server thread/INFO]: Changing view distance to 12, from 10
[13:34:23] [main/WARN]: Couldn't look up profile properties for com.mojang.authlib.GameProfile@63dd1cdc[id=5613b4a9-5b8c-3e0b-9915-baa04888ddd5,name=Player50,properties={},legacy=false]
com.mojang.authlib.exceptions.AuthenticationUnavailableException: Cannot contact authentication server
	at com.mojang.authlib.yggdrasil.YggdrasilAuthenticationService.makeRequest(YggdrasilAuthenticationService.java:85) ~[YggdrasilAuthenticationService.class:?]
	at com.mojang.authlib.yggdrasil.YggdrasilMinecraftSessionService.fillGameProfile(YggdrasilMinecraftSessionService.java:180) [YggdrasilMinecraftSessionService.class:?]
	at com.mojang.authlib.yggdrasil.YggdrasilMinecraftSessionService.fillProfileProperties(YggdrasilMinecraftSessionService.java:173) [YggdrasilMinecraftSessionService.class:?]
	at net.minecraft.client.Minecraft.launchIntegratedServer(Minecraft.java:2549) [Minecraft.class:?]
	at net.minecraftforge.fml.client.FMLClientHandler.tryLoadExistingWorld(FMLClientHandler.java:764) [FMLClientHandler.class:?]
	at net.minecraft.client.gui.GuiListWorldSelectionEntry.loadWorld(GuiListWorldSelectionEntry.java:253) [GuiListWorldSelectionEntry.class:?]
	at net.minecraft.client.gui.GuiListWorldSelectionEntry.joinWorld(GuiListWorldSelectionEntry.java:203) [GuiListWorldSelectionEntry.class:?]
	at net.minecraft.client.gui.GuiListWorldSelectionEntry.mousePressed(GuiListWorldSelectionEntry.java:167) [GuiListWorldSelectionEntry.class:?]
	at net.minecraft.client.gui.GuiListExtended.mouseClicked(GuiListExtended.java:57) [GuiListExtended.class:?]
	at net.minecraft.client.gui.GuiWorldSelection.mouseClicked(GuiWorldSelection.java:134) [GuiWorldSelection.class:?]
	at net.minecraft.client.gui.GuiScreen.handleMouseInput(GuiScreen.java:611) [GuiScreen.class:?]
	at net.minecraft.client.gui.GuiWorldSelection.handleMouseInput(GuiWorldSelection.java:49) [GuiWorldSelection.class:?]
	at net.minecraft.client.gui.GuiScreen.handleInput(GuiScreen.java:576) [GuiScreen.class:?]
	at net.minecraft.client.Minecraft.runTick(Minecraft.java:1884) [Minecraft.class:?]
	at net.minecraft.client.Minecraft.runGameLoop(Minecraft.java:1186) [Minecraft.class:?]
	at net.minecraft.client.Minecraft.run(Minecraft.java:441) [Minecraft.class:?]
	at net.minecraft.client.main.Main.main(Main.java:118) [Main.class:?]
	at sun.reflect.NativeMethodAccessorImpl.invoke0(Native Method) ~[?:1.8.0_192]
	at sun.reflect.NativeMethodAccessorImpl.invoke(NativeMethodAccessorImpl.java:62) ~[?:1.8.0_192]
	at sun.reflect.DelegatingMethodAccessorImpl.invoke(DelegatingMethodAccessorImpl.java:43) ~[?:1.8.0_192]
	at java.lang.reflect.Method.invoke(Method.java:498) ~[?:1.8.0_192]
	at net.minecraft.launchwrapper.Launch.launch(Launch.java:135) [launchwrapper-1.12.jar:?]
	at net.minecraft.launchwrapper.Launch.main(Launch.java:28) [launchwrapper-1.12.jar:?]
	at sun.reflect.NativeMethodAccessorImpl.invoke0(Native Method) ~[?:1.8.0_192]
	at sun.reflect.NativeMethodAccessorImpl.invoke(NativeMethodAccessorImpl.java:62) ~[?:1.8.0_192]
	at sun.reflect.DelegatingMethodAccessorImpl.invoke(DelegatingMethodAccessorImpl.java:43) ~[?:1.8.0_192]
	at java.lang.reflect.Method.invoke(Method.java:498) ~[?:1.8.0_192]
	at net.minecraftforge.gradle.GradleStartCommon.launch(GradleStartCommon.java:97) [start/:?]
	at GradleStart.main(GradleStart.java:25) [start/:?]
Caused by: java.net.UnknownHostException: sessionserver.mojang.com
	at java.net.AbstractPlainSocketImpl.connect(AbstractPlainSocketImpl.java:184) ~[?:1.8.0_192]
	at java.net.PlainSocketImpl.connect(PlainSocketImpl.java:172) ~[?:1.8.0_192]
	at java.net.SocksSocketImpl.connect(SocksSocketImpl.java:392) ~[?:1.8.0_192]
	at java.net.Socket.connect(Socket.java:589) ~[?:1.8.0_192]
	at sun.security.ssl.SSLSocketImpl.connect(SSLSocketImpl.java:666) ~[?:1.8.0_192]
	at sun.net.NetworkClient.doConnect(NetworkClient.java:175) ~[?:1.8.0_192]
	at sun.net.www.http.HttpClient.openServer(HttpClient.java:463) ~[?:1.8.0_192]
	at sun.net.www.http.HttpClient.openServer(HttpClient.java:558) ~[?:1.8.0_192]
	at sun.net.www.protocol.https.HttpsClient.<init>(HttpsClient.java:264) ~[?:1.8.0_192]
	at sun.net.www.protocol.https.HttpsClient.New(HttpsClient.java:367) ~[?:1.8.0_192]
	at sun.net.www.protocol.https.AbstractDelegateHttpsURLConnection.getNewHttpClient(AbstractDelegateHttpsURLConnection.java:191) ~[?:1.8.0_192]
	at sun.net.www.protocol.http.HttpURLConnection.plainConnect0(HttpURLConnection.java:1199) ~[?:1.8.0_192]
	at sun.net.www.protocol.http.HttpURLConnection$6.run(HttpURLConnection.java:1040) ~[?:1.8.0_192]
	at sun.net.www.protocol.http.HttpURLConnection$6.run(HttpURLConnection.java:1038) ~[?:1.8.0_192]
	at java.security.AccessController.doPrivileged(Native Method) ~[?:1.8.0_192]
	at java.security.AccessController.doPrivilegedWithCombiner(AccessController.java:782) ~[?:1.8.0_192]
	at sun.net.www.protocol.http.HttpURLConnection.plainConnect(HttpURLConnection.java:1037) ~[?:1.8.0_192]
	at sun.net.www.protocol.https.AbstractDelegateHttpsURLConnection.connect(AbstractDelegateHttpsURLConnection.java:177) ~[?:1.8.0_192]
	at sun.net.www.protocol.http.HttpURLConnection.getInputStream0(HttpURLConnection.java:1564) ~[?:1.8.0_192]
	at sun.net.www.protocol.http.HttpURLConnection.access$200(HttpURLConnection.java:91) ~[?:1.8.0_192]
	at sun.net.www.protocol.http.HttpURLConnection$9.run(HttpURLConnection.java:1484) ~[?:1.8.0_192]
	at sun.net.www.protocol.http.HttpURLConnection$9.run(HttpURLConnection.java:1482) ~[?:1.8.0_192]
	at java.security.AccessController.doPrivileged(Native Method) ~[?:1.8.0_192]
	at java.security.AccessController.doPrivilegedWithCombiner(AccessController.java:782) ~[?:1.8.0_192]
	at sun.net.www.protocol.http.HttpURLConnection.getInputStream(HttpURLConnection.java:1481) ~[?:1.8.0_192]
	at sun.net.www.protocol.https.HttpsURLConnectionImpl.getInputStream(HttpsURLConnectionImpl.java:263) ~[?:1.8.0_192]
	at com.mojang.authlib.HttpAuthenticationService.performGetRequest(HttpAuthenticationService.java:130) ~[HttpAuthenticationService.class:?]
	at com.mojang.authlib.yggdrasil.YggdrasilAuthenticationService.makeRequest(YggdrasilAuthenticationService.java:66) ~[YggdrasilAuthenticationService.class:?]
	... 28 more
[13:34:24] [Server thread/INFO]: Player50[local:E:2e5917d9] logged in with entity id 329 at (-44.30621896559343, 63.0, 284.11022681369684)
[13:34:24] [Server thread/INFO]: Player50 joined the game
[13:34:25] [Server thread/INFO]: Saving and pausing game...
[13:34:25] [Server thread/INFO]: Saving chunks for level 'New World'/overworld
[13:34:25] [pool-2-thread-1/WARN]: Couldn't look up profile properties for com.mojang.authlib.GameProfile@1e548ec2[id=5613b4a9-5b8c-3e0b-9915-baa04888ddd5,name=Player50,properties={},legacy=false]
com.mojang.authlib.exceptions.AuthenticationUnavailableException: Cannot contact authentication server
	at com.mojang.authlib.yggdrasil.YggdrasilAuthenticationService.makeRequest(YggdrasilAuthenticationService.java:85) ~[YggdrasilAuthenticationService.class:?]
	at com.mojang.authlib.yggdrasil.YggdrasilMinecraftSessionService.fillGameProfile(YggdrasilMinecraftSessionService.java:180) [YggdrasilMinecraftSessionService.class:?]
	at com.mojang.authlib.yggdrasil.YggdrasilMinecraftSessionService$1.load(YggdrasilMinecraftSessionService.java:60) [YggdrasilMinecraftSessionService$1.class:?]
	at com.mojang.authlib.yggdrasil.YggdrasilMinecraftSessionService$1.load(YggdrasilMinecraftSessionService.java:57) [YggdrasilMinecraftSessionService$1.class:?]
	at com.google.common.cache.LocalCache$LoadingValueReference.loadFuture(LocalCache.java:3716) [guava-21.0.jar:?]
	at com.google.common.cache.LocalCache$Segment.loadSync(LocalCache.java:2424) [guava-21.0.jar:?]
	at com.google.common.cache.LocalCache$Segment.lockedGetOrLoad(LocalCache.java:2298) [guava-21.0.jar:?]
	at com.google.common.cache.LocalCache$Segment.get(LocalCache.java:2211) [guava-21.0.jar:?]
	at com.google.common.cache.LocalCache.get(LocalCache.java:4154) [guava-21.0.jar:?]
	at com.google.common.cache.LocalCache.getOrLoad(LocalCache.java:4158) [guava-21.0.jar:?]
	at com.google.common.cache.LocalCache$LocalLoadingCache.get(LocalCache.java:5147) [guava-21.0.jar:?]
	at com.google.common.cache.LocalCache$LocalLoadingCache.getUnchecked(LocalCache.java:5153) [guava-21.0.jar:?]
	at com.mojang.authlib.yggdrasil.YggdrasilMinecraftSessionService.fillProfileProperties(YggdrasilMinecraftSessionService.java:170) [YggdrasilMinecraftSessionService.class:?]
	at net.minecraft.client.Minecraft.getProfileProperties(Minecraft.java:3188) [Minecraft.class:?]
	at net.minecraft.client.resources.SkinManager$3.run(SkinManager.java:138) [SkinManager$3.class:?]
	at java.util.concurrent.Executors$RunnableAdapter.call(Executors.java:511) [?:1.8.0_192]
	at java.util.concurrent.FutureTask.run(FutureTask.java:266) [?:1.8.0_192]
	at java.util.concurrent.ThreadPoolExecutor.runWorker(ThreadPoolExecutor.java:1149) [?:1.8.0_192]
	at java.util.concurrent.ThreadPoolExecutor$Worker.run(ThreadPoolExecutor.java:624) [?:1.8.0_192]
	at java.lang.Thread.run(Thread.java:748) [?:1.8.0_192]
Caused by: java.net.UnknownHostException: sessionserver.mojang.com
	at java.net.AbstractPlainSocketImpl.connect(AbstractPlainSocketImpl.java:184) ~[?:1.8.0_192]
	at java.net.PlainSocketImpl.connect(PlainSocketImpl.java:172) ~[?:1.8.0_192]
	at java.net.SocksSocketImpl.connect(SocksSocketImpl.java:392) ~[?:1.8.0_192]
	at java.net.Socket.connect(Socket.java:589) ~[?:1.8.0_192]
	at sun.security.ssl.SSLSocketImpl.connect(SSLSocketImpl.java:666) ~[?:1.8.0_192]
	at sun.net.NetworkClient.doConnect(NetworkClient.java:175) ~[?:1.8.0_192]
	at sun.net.www.http.HttpClient.openServer(HttpClient.java:463) ~[?:1.8.0_192]
	at sun.net.www.http.HttpClient.openServer(HttpClient.java:558) ~[?:1.8.0_192]
	at sun.net.www.protocol.https.HttpsClient.<init>(HttpsClient.java:264) ~[?:1.8.0_192]
	at sun.net.www.protocol.https.HttpsClient.New(HttpsClient.java:367) ~[?:1.8.0_192]
	at sun.net.www.protocol.https.AbstractDelegateHttpsURLConnection.getNewHttpClient(AbstractDelegateHttpsURLConnection.java:191) ~[?:1.8.0_192]
	at sun.net.www.protocol.http.HttpURLConnection.plainConnect0(HttpURLConnection.java:1199) ~[?:1.8.0_192]
	at sun.net.www.protocol.http.HttpURLConnection$6.run(HttpURLConnection.java:1040) ~[?:1.8.0_192]
	at sun.net.www.protocol.http.HttpURLConnection$6.run(HttpURLConnection.java:1038) ~[?:1.8.0_192]
	at java.security.AccessController.doPrivileged(Native Method) ~[?:1.8.0_192]
	at java.security.AccessController.doPrivilegedWithCombiner(AccessController.java:782) ~[?:1.8.0_192]
	at sun.net.www.protocol.http.HttpURLConnection.plainConnect(HttpURLConnection.java:1037) ~[?:1.8.0_192]
	at sun.net.www.protocol.https.AbstractDelegateHttpsURLConnection.connect(AbstractDelegateHttpsURLConnection.java:177) ~[?:1.8.0_192]
	at sun.net.www.protocol.http.HttpURLConnection.getInputStream0(HttpURLConnection.java:1564) ~[?:1.8.0_192]
	at sun.net.www.protocol.http.HttpURLConnection.access$200(HttpURLConnection.java:91) ~[?:1.8.0_192]
	at sun.net.www.protocol.http.HttpURLConnection$9.run(HttpURLConnection.java:1484) ~[?:1.8.0_192]
	at sun.net.www.protocol.http.HttpURLConnection$9.run(HttpURLConnection.java:1482) ~[?:1.8.0_192]
	at java.security.AccessController.doPrivileged(Native Method) ~[?:1.8.0_192]
	at java.security.AccessController.doPrivilegedWithCombiner(AccessController.java:782) ~[?:1.8.0_192]
	at sun.net.www.protocol.http.HttpURLConnection.getInputStream(HttpURLConnection.java:1481) ~[?:1.8.0_192]
	at sun.net.www.protocol.https.HttpsURLConnectionImpl.getInputStream(HttpsURLConnectionImpl.java:263) ~[?:1.8.0_192]
	at com.mojang.authlib.HttpAuthenticationService.performGetRequest(HttpAuthenticationService.java:130) ~[HttpAuthenticationService.class:?]
	at com.mojang.authlib.yggdrasil.YggdrasilAuthenticationService.makeRequest(YggdrasilAuthenticationService.java:66) ~[YggdrasilAuthenticationService.class:?]
	... 19 more
[13:34:25] [Server thread/INFO]: Saving chunks for level 'New World'/the_nether
[13:34:25] [Server thread/INFO]: Saving chunks for level 'New World'/the_end
[13:34:26] [Server thread/INFO]: Saving and pausing game...
[13:34:26] [Server thread/INFO]: Saving chunks for level 'New World'/overworld
[13:34:26] [Server thread/INFO]: Saving chunks for level 'New World'/the_nether
[13:34:26] [Server thread/INFO]: Saving chunks for level 'New World'/the_end
[13:34:32] [Server thread/INFO]: Saving and pausing game...
[13:34:32] [Server thread/INFO]: Saving chunks for level 'New World'/overworld
[13:34:32] [Server thread/INFO]: Saving chunks for level 'New World'/the_nether
[13:34:32] [Server thread/INFO]: Saving chunks for level 'New World'/the_end
[13:34:32] [Server thread/INFO]: Stopping server
[13:34:32] [Server thread/INFO]: Saving players
[13:34:32] [Server thread/INFO]: Player50 lost connection: Disconnected
[13:34:32] [Server thread/INFO]: Player50 left the game
[13:34:32] [Server thread/INFO]: Stopping singleplayer server as player logged out
[13:34:32] [Server thread/INFO]: Saving worlds
[13:34:32] [Server thread/INFO]: Saving chunks for level 'New World'/overworld
[13:34:32] [Server thread/INFO]: Saving chunks for level 'New World'/the_nether
[13:34:32] [Server thread/INFO]: Saving chunks for level 'New World'/the_end
[13:34:35] [Server thread/INFO]: Starting integrated minecraft server version 1.12.2
[13:34:35] [Server thread/INFO]: Generating keypair
[13:34:36] [Server thread/INFO]: Loaded 488 advancements
[13:34:36] [Server thread/INFO]: Preparing start region for level 0
[13:34:37] [Server thread/INFO]: Preparing spawn area: 70%
[13:34:37] [Server thread/INFO]: Changing view distance to 12, from 10
[13:34:37] [Server thread/INFO]: Player50[local:E:3643a4f5] logged in with entity id 729 at (-44.30621896559343, 66.24341321608179, 284.11022681369684)
[13:34:37] [Server thread/INFO]: Player50 joined the game
[13:34:38] [Server thread/INFO]: Saving and pausing game...
[13:34:39] [Server thread/INFO]: Saving chunks for level 'New World'/overworld
[13:34:39] [Server thread/INFO]: Saving chunks for level 'New World'/the_nether
[13:34:39] [Server thread/INFO]: Saving chunks for level 'New World'/the_end
[13:34:44] [Server thread/INFO]: Saving and pausing game...
[13:34:44] [Server thread/INFO]: Saving chunks for level 'New World'/overworld
[13:34:44] [Server thread/INFO]: Saving chunks for level 'New World'/the_nether
[13:34:44] [Server thread/INFO]: Saving chunks for level 'New World'/the_end
[13:34:45] [Server thread/INFO]: Stopping server
[13:34:45] [Server thread/INFO]: Saving players
[13:34:45] [Server thread/INFO]: Player50 lost connection: Disconnected
[13:34:45] [Server thread/INFO]: Player50 left the game
[13:34:45] [Server thread/INFO]: Stopping singleplayer server as player logged out
[13:34:45] [Server thread/INFO]: Saving worlds
[13:34:45] [Server thread/INFO]: Saving chunks for level 'New World'/overworld
[13:34:45] [Server thread/INFO]: Saving chunks for level 'New World'/the_nether
[13:34:45] [Server thread/INFO]: Saving chunks for level 'New World'/the_end
[13:34:56] [main/INFO]: Stopping!
[13:34:56] [main/INFO]: SoundSystem shutting down...
[13:34:57] [main/WARN]: Author: Paul Lamb, www.paulscode.com
